<?xml version="1.0" encoding="UTF-8"?>
<!-- Generated by org.testng.reporters.JUnitReportReporter -->
<testsuite hostname="DESKTOP-D0DJ3KT" failures="0" tests="1" name="Testpkg.Testclass" time="34.465" errors="0" timestamp="2023-12-08T11:24:12 IST" skipped="0">
  <testcase classname="Testpkg.Testclass" name="test" time="34.465"/>
</testsuite> <!-- Testpkg.Testclass -->
